<?xml version="1.0" encoding="UTF-8"?>
<!-- Generated by org.testng.reporters.JUnitXMLReporter -->
<testsuite ignored="0" hostname="DESKTOP-CGCKLFK" failures="1" tests="7" name="Surefire test" time="63.858" errors="0" timestamp="2023-07-28T21:06:19 EEST">
  <testcase classname="Tests.BookYeTest" name="basketListTest" time="12.178"/>
  <testcase classname="Tests.BookYeTest" name="displayTestBookPage" time="12.889"/>
  <testcase classname="Tests.BookYeTest" name="displayTestHomePage" time="3.666"/>
  <testcase classname="Tests.BookYeTest" name="homeBtnTest" time="5.974"/>
  <testcase classname="Tests.BookYeTest" name="searchTest" time="11.193"/>
  <testcase classname="Tests.BookYeTest" name="startSiteTest" time="3.573"/>
  <testcase classname="Tests.BookYeTest" name="titleTest" time="3.686">
    <failure type="java.lang.AssertionError" message="expected [Інтернет-магазин книг - Книгарня &amp;quot;Є&amp;quot; ➤ Завжди дешевше, ніж будь-де | Купити книги в інтернет-магазині дешево] but found [Інтернет-магазин книг - Книгарня &amp;quot;Є&amp;quot; ➤  Завжди дешевше, ніж будь-де | Купити книги в інтернет-магазині дешево]">
      <![CDATA[java.lang.AssertionError: expected [Інтернет-магазин книг - Книгарня "Є" ➤ Завжди дешевше, ніж будь-де | Купити книги в інтернет-магазині дешево] but found [Інтернет-магазин книг - Книгарня "Є" ➤  Завжди дешевше, ніж будь-де | Купити книги в інтернет-магазині дешево]
at Tests.BookYeTest.titleTest(BookYeTest.java:54)
at java.base/java.util.ArrayList.forEach(ArrayList.java:1511)
... Removed 36 stack frames]]>
    </failure>
  </testcase> <!-- titleTest -->
</testsuite> <!-- Surefire test -->
