<?xml version="1.0" encoding="UTF-8"?>
<testng-results ignored="0" total="7" passed="6" failed="1" skipped="0">
  <reporter-output>
  </reporter-output>
  <suite started-at="2023-07-28T21:05:15 EEST" name="Surefire suite" finished-at="2023-07-28T21:06:19 EEST" duration-ms="63858">
    <groups>
    </groups>
    <test started-at="2023-07-28T21:05:15 EEST" name="Surefire test" finished-at="2023-07-28T21:06:19 EEST" duration-ms="63858">
      <class name="Tests.BookYeTest">
        <test-method is-config="true" signature="setup()[pri:0, instance:Tests.BookYeTest@161479c6]" started-at="2023-07-28T21:05:15 EEST" name="setup" finished-at="2023-07-28T21:05:18 EEST" duration-ms="3292" status="PASS">
          <reporter-output>
          </reporter-output>
        </test-method> <!-- setup -->
        <test-method signature="basketListTest()[pri:0, instance:Tests.BookYeTest@161479c6]" started-at="2023-07-28T21:05:18 EEST" name="basketListTest" finished-at="2023-07-28T21:05:30 EEST" duration-ms="12178" status="PASS">
          <reporter-output>
          </reporter-output>
        </test-method> <!-- basketListTest -->
        <test-method is-config="true" signature="quit()[pri:0, instance:Tests.BookYeTest@161479c6]" started-at="2023-07-28T21:05:30 EEST" name="quit" finished-at="2023-07-28T21:05:31 EEST" duration-ms="271" status="PASS">
          <reporter-output>
          </reporter-output>
        </test-method> <!-- quit -->
        <test-method is-config="true" signature="setup()[pri:0, instance:Tests.BookYeTest@161479c6]" started-at="2023-07-28T21:05:31 EEST" name="setup" finished-at="2023-07-28T21:05:31 EEST" duration-ms="966" status="PASS">
          <reporter-output>
          </reporter-output>
        </test-method> <!-- setup -->
        <test-method signature="displayTestBookPage()[pri:0, instance:Tests.BookYeTest@161479c6]" started-at="2023-07-28T21:05:31 EEST" name="displayTestBookPage" finished-at="2023-07-28T21:05:44 EEST" duration-ms="12889" status="PASS">
          <reporter-output>
          </reporter-output>
        </test-method> <!-- displayTestBookPage -->
        <test-method is-config="true" signature="quit()[pri:0, instance:Tests.BookYeTest@161479c6]" started-at="2023-07-28T21:05:44 EEST" name="quit" finished-at="2023-07-28T21:05:45 EEST" duration-ms="283" status="PASS">
          <reporter-output>
          </reporter-output>
        </test-method> <!-- quit -->
        <test-method is-config="true" signature="setup()[pri:0, instance:Tests.BookYeTest@161479c6]" started-at="2023-07-28T21:05:45 EEST" name="setup" finished-at="2023-07-28T21:05:46 EEST" duration-ms="958" status="PASS">
          <reporter-output>
          </reporter-output>
        </test-method> <!-- setup -->
        <test-method signature="displayTestHomePage()[pri:0, instance:Tests.BookYeTest@161479c6]" started-at="2023-07-28T21:05:46 EEST" name="displayTestHomePage" finished-at="2023-07-28T21:05:49 EEST" duration-ms="3666" status="PASS">
          <reporter-output>
          </reporter-output>
        </test-method> <!-- displayTestHomePage -->
        <test-method is-config="true" signature="quit()[pri:0, instance:Tests.BookYeTest@161479c6]" started-at="2023-07-28T21:05:49 EEST" name="quit" finished-at="2023-07-28T21:05:49 EEST" duration-ms="223" status="PASS">
          <reporter-output>
          </reporter-output>
        </test-method> <!-- quit -->
        <test-method is-config="true" signature="setup()[pri:0, instance:Tests.BookYeTest@161479c6]" started-at="2023-07-28T21:05:49 EEST" name="setup" finished-at="2023-07-28T21:05:50 EEST" duration-ms="928" status="PASS">
          <reporter-output>
          </reporter-output>
        </test-method> <!-- setup -->
        <test-method signature="homeBtnTest()[pri:0, instance:Tests.BookYeTest@161479c6]" started-at="2023-07-28T21:05:50 EEST" name="homeBtnTest" finished-at="2023-07-28T21:05:56 EEST" duration-ms="5974" status="PASS">
          <reporter-output>
          </reporter-output>
        </test-method> <!-- homeBtnTest -->
        <test-method is-config="true" signature="quit()[pri:0, instance:Tests.BookYeTest@161479c6]" started-at="2023-07-28T21:05:56 EEST" name="quit" finished-at="2023-07-28T21:05:57 EEST" duration-ms="242" status="PASS">
          <reporter-output>
          </reporter-output>
        </test-method> <!-- quit -->
        <test-method is-config="true" signature="setup()[pri:0, instance:Tests.BookYeTest@161479c6]" started-at="2023-07-28T21:05:57 EEST" name="setup" finished-at="2023-07-28T21:05:58 EEST" duration-ms="917" status="PASS">
          <reporter-output>
          </reporter-output>
        </test-method> <!-- setup -->
        <test-method signature="searchTest()[pri:0, instance:Tests.BookYeTest@161479c6]" started-at="2023-07-28T21:05:58 EEST" name="searchTest" finished-at="2023-07-28T21:06:09 EEST" duration-ms="11193" status="PASS">
          <reporter-output>
          </reporter-output>
        </test-method> <!-- searchTest -->
        <test-method is-config="true" signature="quit()[pri:0, instance:Tests.BookYeTest@161479c6]" started-at="2023-07-28T21:06:09 EEST" name="quit" finished-at="2023-07-28T21:06:09 EEST" duration-ms="260" status="PASS">
          <reporter-output>
          </reporter-output>
        </test-method> <!-- quit -->
        <test-method is-config="true" signature="setup()[pri:0, instance:Tests.BookYeTest@161479c6]" started-at="2023-07-28T21:06:09 EEST" name="setup" finished-at="2023-07-28T21:06:10 EEST" duration-ms="926" status="PASS">
          <reporter-output>
          </reporter-output>
        </test-method> <!-- setup -->
        <test-method signature="startSiteTest()[pri:0, instance:Tests.BookYeTest@161479c6]" started-at="2023-07-28T21:06:10 EEST" name="startSiteTest" finished-at="2023-07-28T21:06:14 EEST" duration-ms="3573" status="PASS">
          <reporter-output>
          </reporter-output>
        </test-method> <!-- startSiteTest -->
        <test-method is-config="true" signature="quit()[pri:0, instance:Tests.BookYeTest@161479c6]" started-at="2023-07-28T21:06:14 EEST" name="quit" finished-at="2023-07-28T21:06:14 EEST" duration-ms="223" status="PASS">
          <reporter-output>
          </reporter-output>
        </test-method> <!-- quit -->
        <test-method is-config="true" signature="setup()[pri:0, instance:Tests.BookYeTest@161479c6]" started-at="2023-07-28T21:06:14 EEST" name="setup" finished-at="2023-07-28T21:06:15 EEST" duration-ms="886" status="PASS">
          <reporter-output>
          </reporter-output>
        </test-method> <!-- setup -->
        <test-method signature="titleTest()[pri:0, instance:Tests.BookYeTest@161479c6]" started-at="2023-07-28T21:06:15 EEST" name="titleTest" finished-at="2023-07-28T21:06:18 EEST" duration-ms="3686" status="FAIL">
          <exception class="java.lang.AssertionError">
            <message>
              <![CDATA[expected [Інтернет-магазин книг - Книгарня "Є" ➤ Завжди дешевше, ніж будь-де | Купити книги в інтернет-магазині дешево] but found [Інтернет-магазин книг - Книгарня "Є" ➤  Завжди дешевше, ніж будь-де | Купити книги в інтернет-магазині дешево]]]>
            </message>
            <full-stacktrace>
              <![CDATA[java.lang.AssertionError: expected [Інтернет-магазин книг - Книгарня "Є" ➤ Завжди дешевше, ніж будь-де | Купити книги в інтернет-магазині дешево] but found [Інтернет-магазин книг - Книгарня "Є" ➤  Завжди дешевше, ніж будь-де | Купити книги в інтернет-магазині дешево]
at org.testng.Assert.fail(Assert.java:111)
at org.testng.Assert.failNotEquals(Assert.java:1578)
at org.testng.Assert.assertEqualsImpl(Assert.java:150)
at org.testng.Assert.assertEquals(Assert.java:132)
at org.testng.Assert.assertEquals(Assert.java:656)
at org.testng.Assert.assertEquals(Assert.java:666)
at Tests.BookYeTest.titleTest(BookYeTest.java:54)
at java.base/jdk.internal.reflect.DirectMethodHandleAccessor.invoke(DirectMethodHandleAccessor.java:104)
at java.base/java.lang.reflect.Method.invoke(Method.java:578)
at org.testng.internal.invokers.MethodInvocationHelper.invokeMethod(MethodInvocationHelper.java:139)
at org.testng.internal.invokers.TestInvoker.invokeMethod(TestInvoker.java:664)
at org.testng.internal.invokers.TestInvoker.invokeTestMethod(TestInvoker.java:227)
at org.testng.internal.invokers.MethodRunner.runInSequence(MethodRunner.java:50)
at org.testng.internal.invokers.TestInvoker$MethodInvocationAgent.invoke(TestInvoker.java:957)
at org.testng.internal.invokers.TestInvoker.invokeTestMethods(TestInvoker.java:200)
at org.testng.internal.invokers.TestMethodWorker.invokeTestMethods(TestMethodWorker.java:148)
at org.testng.internal.invokers.TestMethodWorker.run(TestMethodWorker.java:128)
at java.base/java.util.ArrayList.forEach(ArrayList.java:1511)
at org.testng.TestRunner.privateRun(TestRunner.java:848)
at org.testng.TestRunner.run(TestRunner.java:621)
at org.testng.SuiteRunner.runTest(SuiteRunner.java:443)
at org.testng.SuiteRunner.runSequentially(SuiteRunner.java:437)
at org.testng.SuiteRunner.privateRun(SuiteRunner.java:397)
at org.testng.SuiteRunner.run(SuiteRunner.java:336)
at org.testng.SuiteRunnerWorker.runSuite(SuiteRunnerWorker.java:52)
at org.testng.SuiteRunnerWorker.run(SuiteRunnerWorker.java:95)
at org.testng.TestNG.runSuitesSequentially(TestNG.java:1280)
at org.testng.TestNG.runSuitesLocally(TestNG.java:1200)
at org.testng.TestNG.runSuites(TestNG.java:1114)
at org.testng.TestNG.run(TestNG.java:1082)
at org.apache.maven.surefire.testng.TestNGExecutor.run(TestNGExecutor.java:155)
at org.apache.maven.surefire.testng.TestNGDirectoryTestSuite.executeMulti(TestNGDirectoryTestSuite.java:169)
at org.apache.maven.surefire.testng.TestNGDirectoryTestSuite.execute(TestNGDirectoryTestSuite.java:88)
at org.apache.maven.surefire.testng.TestNGProvider.invoke(TestNGProvider.java:137)
at org.apache.maven.surefire.booter.ForkedBooter.runSuitesInProcess(ForkedBooter.java:385)
at org.apache.maven.surefire.booter.ForkedBooter.execute(ForkedBooter.java:162)
at org.apache.maven.surefire.booter.ForkedBooter.run(ForkedBooter.java:507)
at org.apache.maven.surefire.booter.ForkedBooter.main(ForkedBooter.java:495)
]]>
            </full-stacktrace>
          </exception> <!-- java.lang.AssertionError -->
          <reporter-output>
          </reporter-output>
        </test-method> <!-- titleTest -->
        <test-method is-config="true" signature="quit()[pri:0, instance:Tests.BookYeTest@161479c6]" started-at="2023-07-28T21:06:18 EEST" name="quit" finished-at="2023-07-28T21:06:19 EEST" duration-ms="245" status="PASS">
          <reporter-output>
          </reporter-output>
        </test-method> <!-- quit -->
      </class> <!-- Tests.BookYeTest -->
    </test> <!-- Surefire test -->
  </suite> <!-- Surefire suite -->
</testng-results>
